# JRE version: Java(TM) SE Runtime Environment (21.0.5+9) (build 21.0.5+9-LTS-239)
# Java VM: Java HotSpot(TM) 64-Bit Server VM (21.0.5+9-LTS-239, mixed mode, emulated-client, sharing, tiered, compressed oops, compressed class ptrs, g1 gc, windows-amd64)
GC Precious Log:
 CardTable entry size: 512
 Card Set container configuration: InlinePtr #cards 4 size 8 Array Of Cards #cards 16 size 48 Howl #buckets 8 coarsen threshold 3686 Howl Bitmap #cards 512 size 80 coarsen threshold 460 Card regions per heap region 1 cards per card region 4096
 CPUs: 12 total, 12 available
 Memory: 16234M
 Large Page Support: Disabled
 NUMA Support: Disabled
 Compressed Oops: Enabled (Zero based)
 Heap Region Size: 2M
 Heap Min Capacity: 8M
 Heap Initial Capacity: 254M
 Heap Max Capacity: 4060M
 Pre-touch: Disabled
 Parallel Workers: 10
 Concurrent Workers: 3
 Concurrent Refinement Workers: 10
 Periodic GC: Disabled
Heap:
 garbage-first heap   total 104448K, used 81726K [0x0000000702400000, 0x0000000800000000)
  region size 2048K, 19 young (38912K), 2 survivors (4096K)
 Metaspace       used 79638K, committed 80576K, reserved 1179648K
  class space    used 11431K, committed 11840K, reserved 1048576K
GC Heap History (20 events):
Event: 8699.968 GC heap after
{Heap after GC invocations=56 (full 1):
 garbage-first heap   total 79872K, used 28083K [0x0000000702400000, 0x0000000800000000)
  region size 2048K, 0 young (0K), 0 survivors (0K)
 Metaspace       used 77600K, committed 78464K, reserved 1179648K
  class space    used 11153K, committed 11520K, reserved 1048576K
}
Event: 8700.875 GC heap before
{Heap before GC invocations=56 (full 1):
 garbage-first heap   total 79872K, used 69043K [0x0000000702400000, 0x0000000800000000)
  region size 2048K, 21 young (43008K), 0 survivors (0K)
 Metaspace       used 77711K, committed 78528K, reserved 1179648K
  class space    used 11181K, committed 11520K, reserved 1048576K
}
Event: 8700.879 GC heap after
{Heap after GC invocations=57 (full 1):
 garbage-first heap   total 79872K, used 32384K [0x0000000702400000, 0x0000000800000000)
  region size 2048K, 3 young (6144K), 3 survivors (6144K)
 Metaspace       used 77711K, committed 78528K, reserved 1179648K
  class space    used 11181K, committed 11520K, reserved 1048576K
}
Event: 8701.287 GC heap before
{Heap before GC invocations=58 (full 1):
 garbage-first heap   total 79872K, used 63104K [0x0000000702400000, 0x0000000800000000)
  region size 2048K, 18 young (36864K), 3 survivors (6144K)
 Metaspace       used 77891K, committed 78720K, reserved 1179648K
  class space    used 11212K, committed 11584K, reserved 1048576K
}
Event: 8701.291 GC heap after
{Heap after GC invocations=59 (full 1):
 garbage-first heap   total 79872K, used 35385K [0x0000000702400000, 0x0000000800000000)
  region size 2048K, 2 young (4096K), 2 survivors (4096K)
 Metaspace       used 77891K, committed 78720K, reserved 1179648K
  class space    used 11212K, committed 11584K, reserved 1048576K
}
Event: 8701.791 GC heap before
{Heap before GC invocations=59 (full 1):
 garbage-first heap   total 79872K, used 64057K [0x0000000702400000, 0x0000000800000000)
  region size 2048K, 17 young (34816K), 2 survivors (4096K)
 Metaspace       used 78191K, committed 79040K, reserved 1179648K
  class space    used 11252K, committed 11648K, reserved 1048576K
}
Event: 8701.795 GC heap after
{Heap after GC invocations=60 (full 1):
 garbage-first heap   total 79872K, used 38605K [0x0000000702400000, 0x0000000800000000)
  region size 2048K, 3 young (6144K), 3 survivors (6144K)
 Metaspace       used 78191K, committed 79040K, reserved 1179648K
  class space    used 11252K, committed 11648K, reserved 1048576K
}
Event: 8703.634 GC heap before
{Heap before GC invocations=60 (full 1):
 garbage-first heap   total 79872K, used 65229K [0x0000000702400000, 0x0000000800000000)
  region size 2048K, 16 young (32768K), 3 survivors (6144K)
 Metaspace       used 78702K, committed 79552K, reserved 1179648K
  class space    used 11326K, committed 11712K, reserved 1048576K
}
Event: 8703.638 GC heap after
{Heap after GC invocations=61 (full 1):
 garbage-first heap   total 79872K, used 40995K [0x0000000702400000, 0x0000000800000000)
  region size 2048K, 2 young (4096K), 2 survivors (4096K)
 Metaspace       used 78702K, committed 79552K, reserved 1179648K
  class space    used 11326K, committed 11712K, reserved 1048576K
}
Event: 8703.876 GC heap before
{Heap before GC invocations=62 (full 1):
 garbage-first heap   total 79872K, used 67619K [0x0000000702400000, 0x0000000800000000)
  region size 2048K, 15 young (30720K), 2 survivors (4096K)
 Metaspace       used 78704K, committed 79552K, reserved 1179648K
  class space    used 11327K, committed 11712K, reserved 1048576K
}
Event: 8703.879 GC heap after
{Heap after GC invocations=63 (full 1):
 garbage-first heap   total 79872K, used 42243K [0x0000000702400000, 0x0000000800000000)
  region size 2048K, 2 young (4096K), 2 survivors (4096K)
 Metaspace       used 78704K, committed 79552K, reserved 1179648K
  class space    used 11327K, committed 11712K, reserved 1048576K
}
Event: 8704.139 GC heap before
{Heap before GC invocations=63 (full 1):
 garbage-first heap   total 79872K, used 66819K [0x0000000702400000, 0x0000000800000000)
  region size 2048K, 14 young (28672K), 2 survivors (4096K)
 Metaspace       used 78826K, committed 79680K, reserved 1179648K
  class space    used 11340K, committed 11712K, reserved 1048576K
}
Event: 8704.142 GC heap after
{Heap after GC invocations=64 (full 1):
 garbage-first heap   total 79872K, used 43782K [0x0000000702400000, 0x0000000800000000)
  region size 2048K, 1 young (2048K), 1 survivors (2048K)
 Metaspace       used 78826K, committed 79680K, reserved 1179648K
  class space    used 11340K, committed 11712K, reserved 1048576K
}
Event: 8704.467 GC heap before
{Heap before GC invocations=64 (full 1):
 garbage-first heap   total 79872K, used 70406K [0x0000000702400000, 0x0000000800000000)
  region size 2048K, 14 young (28672K), 1 survivors (2048K)
 Metaspace       used 78988K, committed 79808K, reserved 1179648K
  class space    used 11354K, committed 11712K, reserved 1048576K
}
Event: 8704.469 GC heap after
{Heap after GC invocations=65 (full 1):
 garbage-first heap   total 79872K, used 45562K [0x0000000702400000, 0x0000000800000000)
  region size 2048K, 2 young (4096K), 2 survivors (4096K)
 Metaspace       used 78988K, committed 79808K, reserved 1179648K
  class space    used 11354K, committed 11712K, reserved 1048576K
}
Event: 8704.683 GC heap before
{Heap before GC invocations=66 (full 1):
 garbage-first heap   total 86016K, used 68090K [0x0000000702400000, 0x0000000800000000)
  region size 2048K, 13 young (26624K), 2 survivors (4096K)
 Metaspace       used 79277K, committed 80128K, reserved 1179648K
  class space    used 11378K, committed 11776K, reserved 1048576K
}
Event: 8704.686 GC heap after
{Heap after GC invocations=67 (full 1):
 garbage-first heap   total 86016K, used 47072K [0x0000000702400000, 0x0000000800000000)
  region size 2048K, 2 young (4096K), 2 survivors (4096K)
 Metaspace       used 79277K, committed 80128K, reserved 1179648K
  class space    used 11378K, committed 11776K, reserved 1048576K
}
Event: 8705.038 GC heap before
{Heap before GC invocations=67 (full 1):
 garbage-first heap   total 86016K, used 73696K [0x0000000702400000, 0x0000000800000000)
  region size 2048K, 15 young (30720K), 2 survivors (4096K)
 Metaspace       used 79387K, committed 80320K, reserved 1179648K
  class space    used 11400K, committed 11840K, reserved 1048576K
}
Event: 8705.042 GC heap after
{Heap after GC invocations=68 (full 1):
 garbage-first heap   total 104448K, used 48958K [0x0000000702400000, 0x0000000800000000)
  region size 2048K, 2 young (4096K), 2 survivors (4096K)
 Metaspace       used 79387K, committed 80320K, reserved 1179648K
  class space    used 11400K, committed 11840K, reserved 1048576K
}
Event: 8729.360 GC heap before
{Heap before GC invocations=68 (full 1):
 garbage-first heap   total 104448K, used 81726K [0x0000000702400000, 0x0000000800000000)
  region size 2048K, 19 young (38912K), 2 survivors (4096K)
 Metaspace       used 79638K, committed 80576K, reserved 1179648K
  class space    used 11431K, committed 11840K, reserved 1048576K
}

