# JRE version: Java(TM) SE Runtime Environment (21.0.5+9) (build 21.0.5+9-LTS-239)
# Java VM: Java HotSpot(TM) 64-Bit Server VM (21.0.5+9-LTS-239, mixed mode, emulated-client, sharing, tiered, compressed oops, compressed class ptrs, g1 gc, windows-amd64)
GC Precious Log:
 CardTable entry size: 512
 Card Set container configuration: InlinePtr #cards 4 size 8 Array Of Cards #cards 16 size 48 Howl #buckets 8 coarsen threshold 3686 Howl Bitmap #cards 512 size 80 coarsen threshold 460 Card regions per heap region 1 cards per card region 4096
 CPUs: 12 total, 12 available
 Memory: 16234M
 Large Page Support: Disabled
 NUMA Support: Disabled
 Compressed Oops: Enabled (Zero based)
 Heap Region Size: 2M
 Heap Min Capacity: 8M
 Heap Initial Capacity: 254M
 Heap Max Capacity: 4060M
 Pre-touch: Disabled
 Parallel Workers: 10
 Concurrent Workers: 3
 Concurrent Refinement Workers: 10
 Periodic GC: Disabled
Heap:
 garbage-first heap   total 92160K, used 53327K [0x0000000702400000, 0x0000000800000000)
  region size 2048K, 9 young (18432K), 1 survivors (2048K)
 Metaspace       used 79892K, committed 80832K, reserved 1179648K
  class space    used 11386K, committed 11840K, reserved 1048576K
GC Heap History (20 events):
Event: 8.850 GC heap after
{Heap after GC invocations=17 (full 0):
 garbage-first heap   total 92160K, used 36015K [0x0000000702400000, 0x0000000800000000)
  region size 2048K, 4 young (8192K), 4 survivors (8192K)
 Metaspace       used 66661K, committed 67456K, reserved 1114112K
  class space    used 9473K, committed 9856K, reserved 1048576K
}
Event: 9.466 GC heap before
{Heap before GC invocations=17 (full 0):
 garbage-first heap   total 92160K, used 74927K [0x0000000702400000, 0x0000000800000000)
  region size 2048K, 23 young (47104K), 4 survivors (8192K)
 Metaspace       used 69496K, committed 70400K, reserved 1114112K
  class space    used 9921K, committed 10304K, reserved 1048576K
}
Event: 9.471 GC heap after
{Heap after GC invocations=18 (full 0):
 garbage-first heap   total 92160K, used 38991K [0x0000000702400000, 0x0000000800000000)
  region size 2048K, 2 young (4096K), 2 survivors (4096K)
 Metaspace       used 69496K, committed 70400K, reserved 1114112K
  class space    used 9921K, committed 10304K, reserved 1048576K
}
Event: 10.327 GC heap before
{Heap before GC invocations=18 (full 0):
 garbage-first heap   total 92160K, used 77903K [0x0000000702400000, 0x0000000800000000)
  region size 2048K, 22 young (45056K), 2 survivors (4096K)
 Metaspace       used 74846K, committed 75776K, reserved 1114112K
  class space    used 10743K, committed 11136K, reserved 1048576K
}
Event: 10.332 GC heap after
{Heap after GC invocations=19 (full 0):
 garbage-first heap   total 92160K, used 41263K [0x0000000702400000, 0x0000000800000000)
  region size 2048K, 3 young (6144K), 3 survivors (6144K)
 Metaspace       used 74846K, committed 75776K, reserved 1114112K
  class space    used 10743K, committed 11136K, reserved 1048576K
}
Event: 83.355 GC heap before
{Heap before GC invocations=20 (full 0):
 garbage-first heap   total 92160K, used 78127K [0x0000000702400000, 0x0000000800000000)
  region size 2048K, 21 young (43008K), 3 survivors (6144K)
 Metaspace       used 78661K, committed 79744K, reserved 1179648K
  class space    used 11338K, committed 11840K, reserved 1048576K
}
Event: 83.361 GC heap after
{Heap after GC invocations=21 (full 0):
 garbage-first heap   total 92160K, used 43816K [0x0000000702400000, 0x0000000800000000)
  region size 2048K, 3 young (6144K), 3 survivors (6144K)
 Metaspace       used 78661K, committed 79744K, reserved 1179648K
  class space    used 11338K, committed 11840K, reserved 1048576K
}
Event: 455.479 GC heap before
{Heap before GC invocations=21 (full 0):
 garbage-first heap   total 92160K, used 78632K [0x0000000702400000, 0x0000000800000000)
  region size 2048K, 20 young (40960K), 3 survivors (6144K)
 Metaspace       used 78776K, committed 79808K, reserved 1179648K
  class space    used 11345K, committed 11840K, reserved 1048576K
}
Event: 455.484 GC heap after
{Heap after GC invocations=22 (full 0):
 garbage-first heap   total 92160K, used 43143K [0x0000000702400000, 0x0000000800000000)
  region size 2048K, 2 young (4096K), 2 survivors (4096K)
 Metaspace       used 78776K, committed 79808K, reserved 1179648K
  class space    used 11345K, committed 11840K, reserved 1048576K
}
Event: 837.368 GC heap before
{Heap before GC invocations=22 (full 0):
 garbage-first heap   total 92160K, used 80007K [0x0000000702400000, 0x0000000800000000)
  region size 2048K, 20 young (40960K), 2 survivors (4096K)
 Metaspace       used 78979K, committed 80000K, reserved 1179648K
  class space    used 11373K, committed 11840K, reserved 1048576K
}
Event: 837.370 GC heap after
{Heap after GC invocations=23 (full 0):
 garbage-first heap   total 92160K, used 42996K [0x0000000702400000, 0x0000000800000000)
  region size 2048K, 2 young (4096K), 2 survivors (4096K)
 Metaspace       used 78979K, committed 80000K, reserved 1179648K
  class space    used 11373K, committed 11840K, reserved 1048576K
}
Event: 1210.478 GC heap before
{Heap before GC invocations=24 (full 0):
 garbage-first heap   total 92160K, used 79860K [0x0000000702400000, 0x0000000800000000)
  region size 2048K, 20 young (40960K), 2 survivors (4096K)
 Metaspace       used 78480K, committed 80000K, reserved 1179648K
  class space    used 11247K, committed 11840K, reserved 1048576K
}
Event: 1210.482 GC heap after
{Heap after GC invocations=25 (full 0):
 garbage-first heap   total 92160K, used 43046K [0x0000000702400000, 0x0000000800000000)
  region size 2048K, 2 young (4096K), 2 survivors (4096K)
 Metaspace       used 78480K, committed 80000K, reserved 1179648K
  class space    used 11247K, committed 11840K, reserved 1048576K
}
Event: 1470.756 GC heap before
{Heap before GC invocations=25 (full 0):
 garbage-first heap   total 92160K, used 79910K [0x0000000702400000, 0x0000000800000000)
  region size 2048K, 20 young (40960K), 2 survivors (4096K)
 Metaspace       used 78831K, committed 80064K, reserved 1179648K
  class space    used 11281K, committed 11840K, reserved 1048576K
}
Event: 1470.763 GC heap after
{Heap after GC invocations=26 (full 0):
 garbage-first heap   total 92160K, used 38857K [0x0000000702400000, 0x0000000800000000)
  region size 2048K, 2 young (4096K), 2 survivors (4096K)
 Metaspace       used 78831K, committed 80064K, reserved 1179648K
  class space    used 11281K, committed 11840K, reserved 1048576K
}
Event: 1760.575 GC heap before
{Heap before GC invocations=26 (full 0):
 garbage-first heap   total 92160K, used 77769K [0x0000000702400000, 0x0000000800000000)
  region size 2048K, 22 young (45056K), 2 survivors (4096K)
 Metaspace       used 79445K, committed 80448K, reserved 1179648K
  class space    used 11322K, committed 11840K, reserved 1048576K
}
Event: 1760.581 GC heap after
{Heap after GC invocations=27 (full 0):
 garbage-first heap   total 92160K, used 38617K [0x0000000702400000, 0x0000000800000000)
  region size 2048K, 2 young (4096K), 2 survivors (4096K)
 Metaspace       used 79445K, committed 80448K, reserved 1179648K
  class space    used 11322K, committed 11840K, reserved 1048576K
}
Event: 2031.002 GC heap before
{Heap before GC invocations=27 (full 0):
 garbage-first heap   total 92160K, used 79577K [0x0000000702400000, 0x0000000800000000)
  region size 2048K, 22 young (45056K), 2 survivors (4096K)
 Metaspace       used 79695K, committed 80640K, reserved 1179648K
  class space    used 11338K, committed 11840K, reserved 1048576K
}
Event: 2031.006 GC heap after
{Heap after GC invocations=28 (full 0):
 garbage-first heap   total 92160K, used 38991K [0x0000000702400000, 0x0000000800000000)
  region size 2048K, 1 young (2048K), 1 survivors (2048K)
 Metaspace       used 79695K, committed 80640K, reserved 1179648K
  class space    used 11338K, committed 11840K, reserved 1048576K
}
Event: 2175.575 GC heap before
{Heap before GC invocations=29 (full 0):
 garbage-first heap   total 92160K, used 53327K [0x0000000702400000, 0x0000000800000000)
  region size 2048K, 9 young (18432K), 1 survivors (2048K)
 Metaspace       used 79892K, committed 80832K, reserved 1179648K
  class space    used 11386K, committed 11840K, reserved 1048576K
}

