# JRE version: Java(TM) SE Runtime Environment (21.0.5+9) (build 21.0.5+9-LTS-239)
# Java VM: Java HotSpot(TM) 64-Bit Server VM (21.0.5+9-LTS-239, mixed mode, emulated-client, sharing, tiered, compressed oops, compressed class ptrs, g1 gc, windows-amd64)
GC Precious Log:
 CardTable entry size: 512
 Card Set container configuration: InlinePtr #cards 4 size 8 Array Of Cards #cards 16 size 48 Howl #buckets 8 coarsen threshold 3686 Howl Bitmap #cards 512 size 80 coarsen threshold 460 Card regions per heap region 1 cards per card region 4096
 CPUs: 12 total, 12 available
 Memory: 16234M
 Large Page Support: Disabled
 NUMA Support: Disabled
 Compressed Oops: Enabled (Zero based)
 Heap Region Size: 2M
 Heap Min Capacity: 8M
 Heap Initial Capacity: 254M
 Heap Max Capacity: 4060M
 Pre-touch: Disabled
 Parallel Workers: 10
 Concurrent Workers: 3
 Concurrent Refinement Workers: 10
 Periodic GC: Disabled
Heap:
 garbage-first heap   total 116736K, used 48027K [0x0000000702400000, 0x0000000800000000)
  region size 2048K, 6 young (12288K), 3 survivors (6144K)
 Metaspace       used 77416K, committed 78208K, reserved 1179648K
  class space    used 10923K, committed 11264K, reserved 1048576K
GC Heap History (20 events):
Event: 5.268 GC heap after
{Heap after GC invocations=16 (full 0):
 garbage-first heap   total 110592K, used 32092K [0x0000000702400000, 0x0000000800000000)
  region size 2048K, 4 young (8192K), 4 survivors (8192K)
 Metaspace       used 63134K, committed 64000K, reserved 1114112K
  class space    used 8940K, committed 9344K, reserved 1048576K
}
Event: 5.923 GC heap before
{Heap before GC invocations=16 (full 0):
 garbage-first heap   total 110592K, used 89436K [0x0000000702400000, 0x0000000800000000)
  region size 2048K, 32 young (65536K), 4 survivors (8192K)
 Metaspace       used 69292K, committed 70080K, reserved 1114112K
  class space    used 9846K, committed 10176K, reserved 1048576K
}
Event: 5.930 GC heap after
{Heap after GC invocations=17 (full 0):
 garbage-first heap   total 110592K, used 35808K [0x0000000702400000, 0x0000000800000000)
  region size 2048K, 4 young (8192K), 4 survivors (8192K)
 Metaspace       used 69292K, committed 70080K, reserved 1114112K
  class space    used 9846K, committed 10176K, reserved 1048576K
}
Event: 182.886 GC heap before
{Heap before GC invocations=17 (full 0):
 garbage-first heap   total 110592K, used 91104K [0x0000000702400000, 0x0000000800000000)
  region size 2048K, 32 young (65536K), 4 survivors (8192K)
 Metaspace       used 75907K, committed 76800K, reserved 1179648K
  class space    used 10762K, committed 11136K, reserved 1048576K
}
Event: 182.891 GC heap after
{Heap after GC invocations=18 (full 0):
 garbage-first heap   total 110592K, used 38885K [0x0000000702400000, 0x0000000800000000)
  region size 2048K, 4 young (8192K), 4 survivors (8192K)
 Metaspace       used 75907K, committed 76800K, reserved 1179648K
  class space    used 10762K, committed 11136K, reserved 1048576K
}
Event: 325.295 GC heap before
{Heap before GC invocations=18 (full 0):
 garbage-first heap   total 110592K, used 53221K [0x0000000702400000, 0x0000000800000000)
  region size 2048K, 12 young (24576K), 4 survivors (8192K)
 Metaspace       used 76048K, committed 76992K, reserved 1179648K
  class space    used 10791K, committed 11200K, reserved 1048576K
}
Event: 325.336 GC heap after
{Heap after GC invocations=19 (full 1):
 garbage-first heap   total 96256K, used 25941K [0x0000000702400000, 0x0000000800000000)
  region size 2048K, 0 young (0K), 0 survivors (0K)
 Metaspace       used 75599K, committed 76992K, reserved 1179648K
  class space    used 10680K, committed 11200K, reserved 1048576K
}
Event: 326.455 GC heap before
{Heap before GC invocations=19 (full 1):
 garbage-first heap   total 96256K, used 79189K [0x0000000702400000, 0x0000000800000000)
  region size 2048K, 27 young (55296K), 0 survivors (0K)
 Metaspace       used 75911K, committed 76992K, reserved 1179648K
  class space    used 10737K, committed 11200K, reserved 1048576K
}
Event: 326.460 GC heap after
{Heap after GC invocations=20 (full 1):
 garbage-first heap   total 96256K, used 32299K [0x0000000702400000, 0x0000000800000000)
  region size 2048K, 4 young (8192K), 4 survivors (8192K)
 Metaspace       used 75911K, committed 76992K, reserved 1179648K
  class space    used 10737K, committed 11200K, reserved 1048576K
}
Event: 328.452 GC heap before
{Heap before GC invocations=20 (full 1):
 garbage-first heap   total 96256K, used 77355K [0x0000000702400000, 0x0000000800000000)
  region size 2048K, 26 young (53248K), 4 survivors (8192K)
 Metaspace       used 76478K, committed 77248K, reserved 1179648K
  class space    used 10817K, committed 11200K, reserved 1048576K
}
Event: 328.457 GC heap after
{Heap after GC invocations=21 (full 1):
 garbage-first heap   total 96256K, used 34529K [0x0000000702400000, 0x0000000800000000)
  region size 2048K, 2 young (4096K), 2 survivors (4096K)
 Metaspace       used 76478K, committed 77248K, reserved 1179648K
  class space    used 10817K, committed 11200K, reserved 1048576K
}
Event: 328.988 GC heap before
{Heap before GC invocations=21 (full 1):
 garbage-first heap   total 96256K, used 79585K [0x0000000702400000, 0x0000000800000000)
  region size 2048K, 25 young (51200K), 2 survivors (4096K)
 Metaspace       used 76701K, committed 77440K, reserved 1179648K
  class space    used 10854K, committed 11200K, reserved 1048576K
}
Event: 328.993 GC heap after
{Heap after GC invocations=22 (full 1):
 garbage-first heap   total 96256K, used 38212K [0x0000000702400000, 0x0000000800000000)
  region size 2048K, 4 young (8192K), 4 survivors (8192K)
 Metaspace       used 76701K, committed 77440K, reserved 1179648K
  class space    used 10854K, committed 11200K, reserved 1048576K
}
Event: 329.328 GC heap before
{Heap before GC invocations=22 (full 1):
 garbage-first heap   total 96256K, used 77124K [0x0000000702400000, 0x0000000800000000)
  region size 2048K, 23 young (47104K), 4 survivors (8192K)
 Metaspace       used 77168K, committed 77888K, reserved 1179648K
  class space    used 10893K, committed 11200K, reserved 1048576K
}
Event: 329.332 GC heap after
{Heap after GC invocations=23 (full 1):
 garbage-first heap   total 96256K, used 40352K [0x0000000702400000, 0x0000000800000000)
  region size 2048K, 2 young (4096K), 2 survivors (4096K)
 Metaspace       used 77168K, committed 77888K, reserved 1179648K
  class space    used 10893K, committed 11200K, reserved 1048576K
}
Event: 340.325 GC heap before
{Heap before GC invocations=23 (full 1):
 garbage-first heap   total 96256K, used 81312K [0x0000000702400000, 0x0000000800000000)
  region size 2048K, 22 young (45056K), 2 survivors (4096K)
 Metaspace       used 77453K, committed 78208K, reserved 1179648K
  class space    used 10933K, committed 11264K, reserved 1048576K
}
Event: 340.329 GC heap after
{Heap after GC invocations=24 (full 1):
 garbage-first heap   total 116736K, used 43579K [0x0000000702400000, 0x0000000800000000)
  region size 2048K, 3 young (6144K), 3 survivors (6144K)
 Metaspace       used 77453K, committed 78208K, reserved 1179648K
  class space    used 10933K, committed 11264K, reserved 1048576K
}
Event: 373.194 GC heap before
{Heap before GC invocations=24 (full 1):
 garbage-first heap   total 116736K, used 47675K [0x0000000702400000, 0x0000000800000000)
  region size 2048K, 6 young (12288K), 3 survivors (6144K)
 Metaspace       used 77457K, committed 78208K, reserved 1179648K
  class space    used 10933K, committed 11264K, reserved 1048576K
}
Event: 373.198 GC heap after
{Heap after GC invocations=25 (full 1):
 garbage-first heap   total 116736K, used 43931K [0x0000000702400000, 0x0000000800000000)
  region size 2048K, 3 young (6144K), 3 survivors (6144K)
 Metaspace       used 77457K, committed 78208K, reserved 1179648K
  class space    used 10933K, committed 11264K, reserved 1048576K
}
Event: 394.527 GC heap before
{Heap before GC invocations=26 (full 1):
 garbage-first heap   total 116736K, used 48027K [0x0000000702400000, 0x0000000800000000)
  region size 2048K, 6 young (12288K), 3 survivors (6144K)
 Metaspace       used 77416K, committed 78208K, reserved 1179648K
  class space    used 10923K, committed 11264K, reserved 1048576K
}

